Arguments: 
  C:\Program Files\nodejs\node.exe C:\Program Files (x86)\Yarn\bin\yarn.js add @sentry/browser

PATH: 
  D:\work\gcox-manage-web\node_modules\.bin;C:\Program Files (x86)\Common Files\Oracle\Java\javapath;D:\apache-maven-3.5.3\bin;D:\app\Administrator1\product\instantclient_11_2;D:\app\Administrator1\product\11.2.0\dbhome_1\bin;KAFKA_HOME\bin\windows;D:\bigData\zookeeper-3.4.12\bin;D:\app\Administrator\product\12.2.0\client_1;C:\Program Files (x86)\scala\bin;C:\Program Files (x86)\scala\jre\bin;C:\Program Files\Java\jdk1.8.0_131\bin;C:\Program Files\Java\jdk1.8.0_131\jre\bin;C:\ProgramData\Oracle\Java\javapath;C:\Windows\system32;C:\Windows;C:\Windows\System32\Wbem;C:\Windows\System32\WindowsPowerShell\v1.0\;C:\Program Files (x86)\scala\bin;C:\Program Files (x86)\Microsoft SQL Server\100\Tools\Binn\;C:\Program Files\Microsoft SQL Server\100\Tools\Binn\;C:\Program Files\Microsoft SQL Server\100\DTS\Binn\;C:\Program Files\TortoiseGit\bin;C:\Program Files\Git\cmd;C:\Program Files (x86)\Sybase\Shared\PowerBuilder;C:\Program Files (x86)\Sybase\PowerBuilder 11.5;C:\Windows\Microsoft.NET\Framework\v2.0.50727;C:\Program Files\TortoiseSVN\bin;C:\Program Files (x86)\Microsoft SQL Server\90\Tools\binn\;C:\Program Files (x86)\Yarn\bin\;C:\Users\Administrator\AppData\Local\Programs\Fiddler;D:\软件\Fiddler;C:\Users\Administrator\AppData\Local\Yarn\bin;C:\Users\Administrator\AppData\Roaming\npm;C:\Java\jdk1.8\bin;C:\Java\jdk1.8\jre\bin;C:\Intel\apache-tomcat-9.0.20\bin;C:\Intel\apache-tomcat-9.0.20\lib;C:\Program Files\nodejs\;D:\gradle-5.1.1\bin;C:\Users\Administrator\AppData\Local\Programs\Fiddler;D:\软件\Fiddler;C:\Users\Administrator\AppData\Local\Yarn\bin;D:\apache-maven-3.6.1\bin\bin\;C:\Users\Administrator\AppData\Roaming\npm

Yarn version: 
  1.13.0

Node version: 
  10.15.3

Platform: 
  win32 x64

Trace: 
  Error: ENOENT: no such file or directory, copyfile 'C:\Users\Administrator\AppData\Local\Yarn\Cache\v4\npm-ansi-styles-3.2.1-41fbb20243e50b12be0f04b8dedbf07520ce841d\node_modules\ansi-styles\index.js' -> 'D:\work\gcox-manage-web\node_modules\@babel\highlight\node_modules\ansi-styles\index.js'

npm manifest: 
  {
    "name": "iview-admin",
    "version": "1.0.2",
    "description": "a management bases on iview",
    "main": "index.js",
    "scripts": {
      "init": "webpack --progress --config build/webpack.dev.config.js",
      "dev": "webpack-dev-server --content-base ./ --open --inline --hot --compress --history-api-fallback --config build/webpack.dev.config.js",
      "build": "webpack --progress --hide-modules --config build/webpack.prod.config.js",
      "lint": "eslint --fix --ext .js,.vue src",
      "test": "npm run lint"
    },
    "repository": {
      "type": "git",
      "url": "https://github.com/iview/iview-admin.git"
    },
    "author": "",
    "license": "MIT",
    "dependencies": {
      "6": "0.0.1",
      "axios": "^0.15.3",
      "clipboard": "^1.5.12",
      "countup": "^1.8.2",
      "cropperjs": "^1.1.2",
      "echarts": "^3.7.2",
      "html2canvas": "^0.5.0-beta4",
      "iview": "^2.5.0-beta.1",
      "js-cookie": "^2.1.3",
      "rasterizehtml": "^1.2.4",
      "simplemde": "^1.11.2",
      "sortablejs": "^1.6.1",
      "tinymce": "^4.7.1",
      "vue": "^2.5.2",
      "vue-directive-image-previewer": "^2.2.1",
      "vue-i18n": "^6.1.3",
      "vue-router": "^2.8.1",
      "vuex": "^2.5.0",
      "wangeditor": "^3.1.1"
    },
    "devDependencies": {
      "autoprefixer-loader": "^2.0.0",
      "babel": "^6.23.0",
      "babel-core": "^6.26.3",
      "babel-eslint": "^8.0.1",
      "babel-loader": "^6.4.1",
      "babel-plugin-transform-runtime": "^6.12.0",
      "babel-preset-env": "^1.7.0",
      "babel-preset-es2015": "^6.9.0",
      "babel-preset-stage-3": "^6.24.1",
      "babel-runtime": "^6.11.6",
      "copy-webpack-plugin": "^4.5.1",
      "css-loader": "^0.23.1",
      "eslint": "^3.19.0",
      "eslint-config-google": "^0.9.1",
      "eslint-config-standard": "^10.2.1",
      "eslint-plugin-html": "^1.7.0",
      "eslint-plugin-import": "^2.16.0",
      "eslint-plugin-node": "^5.2.0",
      "eslint-plugin-promise": "^3.6.0",
      "eslint-plugin-standard": "^3.0.1",
      "extract-text-webpack-plugin": "^2.0.0",
      "file-loader": "^0.8.5",
      "html-loader": "^0.5.5",
      "html-webpack-plugin": "^2.28.0",
      "less": "^2.7.1",
      "less-loader": "^2.2.3",
      "qs": "^6.5.1",
      "style-loader": "^0.13.1",
      "unsupported": "^1.1.0",
      "url-loader": "^0.5.7",
      "vue-hot-reload-api": "^1.3.3",
      "vue-html-loader": "^1.2.3",
      "vue-loader": "^11.0.0",
      "vue-style-loader": "^1.0.0",
      "vue-template-compiler": "^2.5.2",
      "webpack": "^2.2.1",
      "webpack-dev-server": "^2.9.2",
      "webpack-merge": "^3.0.0"
    }
  }

yarn manifest: 
  No manifest

Lockfile: 
  No lockfile
